# JRE version: OpenJDK Runtime Environment (11.0.11+9) (build 11.0.11+9-b60-7590822)
# Java VM: OpenJDK 64-Bit Server VM (11.0.11+9-b60-7590822, mixed mode, tiered, compressed oops, g1 gc, windows-amd64)
Heap:
 garbage-first heap   total 175104K, used 115902K [0x0000000080000000, 0x0000000100000000)
  region size 1024K, 17 young (17408K), 3 survivors (3072K)
 Metaspace       used 79442K, capacity 81739K, committed 81900K, reserved 1120256K
  class space    used 10290K, capacity 11080K, committed 11160K, reserved 1048576K
GC Heap History (20 events):
Event: 9.601 GC heap before
{Heap before GC invocations=17 (full 0):
 garbage-first heap   total 145408K, used 112010K [0x0000000080000000, 0x0000000100000000)
  region size 1024K, 56 young (57344K), 4 survivors (4096K)
 Metaspace       used 74996K, capacity 77067K, committed 77292K, reserved 1116160K
  class space    used 9877K, capacity 10580K, committed 10648K, reserved 1048576K
}
Event: 9.606 GC heap after
{Heap after GC invocations=18 (full 0):
 garbage-first heap   total 145408K, used 66013K [0x0000000080000000, 0x0000000100000000)
  region size 1024K, 7 young (7168K), 7 survivors (7168K)
 Metaspace       used 74996K, capacity 77067K, committed 77292K, reserved 1116160K
  class space    used 9877K, capacity 10580K, committed 10648K, reserved 1048576K
}
Event: 10.035 GC heap before
{Heap before GC invocations=18 (full 0):
 garbage-first heap   total 145408K, used 113117K [0x0000000080000000, 0x0000000100000000)
  region size 1024K, 53 young (54272K), 7 survivors (7168K)
 Metaspace       used 76962K, capacity 79181K, committed 79340K, reserved 1118208K
  class space    used 10112K, capacity 10860K, committed 10904K, reserved 1048576K
}
Event: 10.042 GC heap after
{Heap after GC invocations=19 (full 0):
 garbage-first heap   total 145408K, used 71189K [0x0000000080000000, 0x0000000100000000)
  region size 1024K, 5 young (5120K), 5 survivors (5120K)
 Metaspace       used 76962K, capacity 79181K, committed 79340K, reserved 1118208K
  class space    used 10112K, capacity 10860K, committed 10904K, reserved 1048576K
}
Event: 10.392 GC heap before
{Heap before GC invocations=19 (full 0):
 garbage-first heap   total 145408K, used 114197K [0x0000000080000000, 0x0000000100000000)
  region size 1024K, 48 young (49152K), 5 survivors (5120K)
 Metaspace       used 77635K, capacity 79772K, committed 79980K, reserved 1118208K
  class space    used 10131K, capacity 10897K, committed 11032K, reserved 1048576K
}
Event: 10.399 GC heap after
{Heap after GC invocations=20 (full 0):
 garbage-first heap   total 145408K, used 74071K [0x0000000080000000, 0x0000000100000000)
  region size 1024K, 4 young (4096K), 4 survivors (4096K)
 Metaspace       used 77635K, capacity 79772K, committed 79980K, reserved 1118208K
  class space    used 10131K, capacity 10897K, committed 11032K, reserved 1048576K
}
Event: 10.691 GC heap before
{Heap before GC invocations=21 (full 0):
 garbage-first heap   total 145408K, used 116055K [0x0000000080000000, 0x0000000100000000)
  region size 1024K, 45 young (46080K), 4 survivors (4096K)
 Metaspace       used 77843K, capacity 79972K, committed 80236K, reserved 1118208K
  class space    used 10137K, capacity 10877K, committed 11032K, reserved 1048576K
}
Event: 10.695 GC heap after
{Heap after GC invocations=22 (full 0):
 garbage-first heap   total 145408K, used 77405K [0x0000000080000000, 0x0000000100000000)
  region size 1024K, 6 young (6144K), 6 survivors (6144K)
 Metaspace       used 77843K, capacity 79972K, committed 80236K, reserved 1118208K
  class space    used 10137K, capacity 10877K, committed 11032K, reserved 1048576K
}
Event: 10.894 GC heap before
{Heap before GC invocations=22 (full 0):
 garbage-first heap   total 145408K, used 117341K [0x0000000080000000, 0x0000000100000000)
  region size 1024K, 46 young (47104K), 6 survivors (6144K)
 Metaspace       used 77957K, capacity 80100K, committed 80492K, reserved 1118208K
  class space    used 10137K, capacity 10877K, committed 11032K, reserved 1048576K
}
Event: 10.913 GC heap after
{Heap after GC invocations=23 (full 0):
 garbage-first heap   total 145408K, used 89633K [0x0000000080000000, 0x0000000100000000)
  region size 1024K, 6 young (6144K), 6 survivors (6144K)
 Metaspace       used 77957K, capacity 80100K, committed 80492K, reserved 1118208K
  class space    used 10137K, capacity 10877K, committed 11032K, reserved 1048576K
}
Event: 11.058 GC heap before
{Heap before GC invocations=24 (full 0):
 garbage-first heap   total 145408K, used 117281K [0x0000000080000000, 0x0000000100000000)
  region size 1024K, 33 young (33792K), 6 survivors (6144K)
 Metaspace       used 77918K, capacity 80036K, committed 80492K, reserved 1118208K
  class space    used 10126K, capacity 10856K, committed 11032K, reserved 1048576K
}
Event: 11.063 GC heap after
{Heap after GC invocations=25 (full 0):
 garbage-first heap   total 145408K, used 95437K [0x0000000080000000, 0x0000000100000000)
  region size 1024K, 5 young (5120K), 5 survivors (5120K)
 Metaspace       used 77918K, capacity 80036K, committed 80492K, reserved 1118208K
  class space    used 10126K, capacity 10856K, committed 11032K, reserved 1048576K
}
Event: 11.164 GC heap before
{Heap before GC invocations=25 (full 0):
 garbage-first heap   total 145408K, used 107725K [0x0000000080000000, 0x0000000100000000)
  region size 1024K, 18 young (18432K), 5 survivors (5120K)
 Metaspace       used 78068K, capacity 80171K, committed 80492K, reserved 1118208K
  class space    used 10132K, capacity 10858K, committed 11032K, reserved 1048576K
}
Event: 11.169 GC heap after
{Heap after GC invocations=26 (full 0):
 garbage-first heap   total 145408K, used 97517K [0x0000000080000000, 0x0000000100000000)
  region size 1024K, 2 young (2048K), 2 survivors (2048K)
 Metaspace       used 78068K, capacity 80171K, committed 80492K, reserved 1118208K
  class space    used 10132K, capacity 10858K, committed 11032K, reserved 1048576K
}
Event: 11.353 GC heap before
{Heap before GC invocations=27 (full 0):
 garbage-first heap   total 145408K, used 121069K [0x0000000080000000, 0x0000000100000000)
  region size 1024K, 21 young (21504K), 2 survivors (2048K)
 Metaspace       used 78138K, capacity 80240K, committed 80492K, reserved 1118208K
  class space    used 10135K, capacity 10858K, committed 11032K, reserved 1048576K
}
Event: 11.357 GC heap after
{Heap after GC invocations=28 (full 0):
 garbage-first heap   total 145408K, used 99733K [0x0000000080000000, 0x0000000100000000)
  region size 1024K, 3 young (3072K), 3 survivors (3072K)
 Metaspace       used 78138K, capacity 80240K, committed 80492K, reserved 1118208K
  class space    used 10135K, capacity 10858K, committed 11032K, reserved 1048576K
}
Event: 11.500 GC heap before
{Heap before GC invocations=28 (full 0):
 garbage-first heap   total 145408K, used 117141K [0x0000000080000000, 0x0000000100000000)
  region size 1024K, 21 young (21504K), 3 survivors (3072K)
 Metaspace       used 78265K, capacity 80469K, committed 80748K, reserved 1120256K
  class space    used 10148K, capacity 10891K, committed 11032K, reserved 1048576K
}
Event: 11.504 GC heap after
{Heap after GC invocations=29 (full 0):
 garbage-first heap   total 145408K, used 101311K [0x0000000080000000, 0x0000000100000000)
  region size 1024K, 2 young (2048K), 2 survivors (2048K)
 Metaspace       used 78265K, capacity 80469K, committed 80748K, reserved 1120256K
  class space    used 10148K, capacity 10891K, committed 11032K, reserved 1048576K
}
Event: 11.668 GC heap before
{Heap before GC invocations=30 (full 0):
 garbage-first heap   total 145408K, used 134079K [0x0000000080000000, 0x0000000100000000)
  region size 1024K, 20 young (20480K), 2 survivors (2048K)
 Metaspace       used 78625K, capacity 80783K, committed 81004K, reserved 1120256K
  class space    used 10179K, capacity 10938K, committed 11032K, reserved 1048576K
}
Event: 11.671 GC heap after
{Heap after GC invocations=31 (full 0):
 garbage-first heap   total 175104K, used 102590K [0x0000000080000000, 0x0000000100000000)
  region size 1024K, 3 young (3072K), 3 survivors (3072K)
 Metaspace       used 78625K, capacity 80783K, committed 81004K, reserved 1120256K
  class space    used 10179K, capacity 10938K, committed 11032K, reserved 1048576K
}

